2024-09-16 16:20:57,408 - DEBUG - Logging im Hauptprojekt ist nun aktiv.
2024-09-16 16:20:58,054 - DEBUG - Opening audio stream...
2024-09-16 16:20:58,054 - DEBUG - Audio stream opened successfully.
2024-09-16 16:20:58,081 - DEBUG - Starting display_screen loop.
2024-09-16 16:20:58,081 - DEBUG - No screenshot available to display.
2024-09-16 16:20:59,510 - DEBUG - subprocess.call(['ffmpeg', '-y', '-i', '/Users/magnus/Documents/fishersfritz/bitesound.m4a', '-acodec', 'pcm_s16le', '-vn', '-f', 'wav', '-'])
2024-09-16 16:21:04,092 - DEBUG - Original image dtype: uint8, shape: (1964, 3024, 3), max value: 255
2024-09-16 16:21:04,092 - DEBUG - Converted image dtype: uint8, shape: (1964, 3024, 3)
2024-09-16 16:21:05,386 - DEBUG - MatchTemplate max_val: 0.6932350397109985, max_loc: (1347, 561)
2024-09-16 16:21:05,387 - DEBUG - Lure found at position: (1390, 601) with max correlation value: 0.6932350397109985
2024-09-16 16:21:06,473 - DEBUG - Audio stream opened successfully.
2024-09-16 16:21:06,575 - DEBUG - Correlation value: 0
2024-09-16 16:21:06,578 - DEBUG - Correlation value: 0
2024-09-16 16:21:06,690 - DEBUG - Correlation value: 0
2024-09-16 16:21:06,691 - DEBUG - Correlation value: 0
2024-09-16 16:21:06,692 - DEBUG - Correlation value: 0
2024-09-16 16:21:06,793 - DEBUG - Correlation value: 0
2024-09-16 16:21:06,793 - DEBUG - Correlation value: 0
2024-09-16 16:21:06,881 - DEBUG - Correlation value: 0
2024-09-16 16:21:06,882 - DEBUG - Correlation value: 0
2024-09-16 16:21:06,987 - DEBUG - Correlation value: 0
2024-09-16 16:21:06,988 - DEBUG - Correlation value: 0
2024-09-16 16:21:06,988 - DEBUG - Correlation value: 0
2024-09-16 16:21:07,113 - DEBUG - Correlation value: 0
2024-09-16 16:21:07,114 - DEBUG - Correlation value: 0
2024-09-16 16:21:07,114 - DEBUG - Correlation value: 0
2024-09-16 16:21:07,195 - DEBUG - Correlation value: 0
2024-09-16 16:21:07,196 - DEBUG - Correlation value: 0
2024-09-16 16:21:07,301 - DEBUG - Correlation value: 0
2024-09-16 16:21:07,302 - DEBUG - Correlation value: 0
2024-09-16 16:21:07,402 - DEBUG - Correlation value: 0
2024-09-16 16:21:07,403 - DEBUG - Correlation value: 0
2024-09-16 16:21:07,507 - DEBUG - Correlation value: 0
2024-09-16 16:21:07,508 - DEBUG - Correlation value: 0
2024-09-16 16:21:07,508 - DEBUG - Correlation value: 0
2024-09-16 16:21:07,598 - DEBUG - Correlation value: 0
2024-09-16 16:21:07,600 - DEBUG - Correlation value: 0
2024-09-16 16:21:07,705 - DEBUG - Correlation value: 0
2024-09-16 16:21:07,706 - DEBUG - Correlation value: 0
2024-09-16 16:21:07,707 - DEBUG - Correlation value: 0
2024-09-16 16:21:07,839 - DEBUG - Correlation value: 0
2024-09-16 16:21:07,839 - DEBUG - Correlation value: 0
2024-09-16 16:21:07,840 - DEBUG - Correlation value: 0
2024-09-16 16:21:07,946 - DEBUG - Correlation value: 0
2024-09-16 16:21:07,947 - DEBUG - Correlation value: 0
2024-09-16 16:21:08,052 - DEBUG - Correlation value: 0
2024-09-16 16:21:08,053 - DEBUG - Correlation value: 0
2024-09-16 16:21:08,054 - DEBUG - Correlation value: 0
2024-09-16 16:21:08,156 - DEBUG - Correlation value: 0
2024-09-16 16:21:08,158 - DEBUG - Correlation value: 0
2024-09-16 16:21:08,215 - DEBUG - Correlation value: 0
2024-09-16 16:21:08,320 - DEBUG - Correlation value: 0
2024-09-16 16:21:08,322 - DEBUG - Correlation value: 0
2024-09-16 16:21:08,323 - DEBUG - Correlation value: 0
2024-09-16 16:21:08,419 - DEBUG - Correlation value: 0
2024-09-16 16:21:08,420 - DEBUG - Correlation value: 0
2024-09-16 16:21:08,528 - DEBUG - Correlation value: 0
2024-09-16 16:21:08,529 - DEBUG - Correlation value: 0
2024-09-16 16:21:08,529 - DEBUG - Correlation value: 0
2024-09-16 16:21:08,626 - DEBUG - Correlation value: 0
2024-09-16 16:21:08,627 - DEBUG - Correlation value: 0
2024-09-16 16:21:08,717 - DEBUG - Correlation value: 0
2024-09-16 16:21:08,718 - DEBUG - Correlation value: 0
2024-09-16 16:21:08,819 - DEBUG - Correlation value: 0
2024-09-16 16:21:08,820 - DEBUG - Correlation value: 0
2024-09-16 16:21:08,820 - DEBUG - Correlation value: 0
2024-09-16 16:21:08,906 - DEBUG - Correlation value: 0
2024-09-16 16:21:08,945 - DEBUG - Correlation value: 0
2024-09-16 16:21:08,946 - DEBUG - Correlation value: 0
2024-09-16 16:21:09,034 - DEBUG - Correlation value: 0
2024-09-16 16:21:09,035 - DEBUG - Correlation value: 0
2024-09-16 16:21:09,139 - DEBUG - Correlation value: 0
2024-09-16 16:21:09,140 - DEBUG - Correlation value: 0
2024-09-16 16:21:09,238 - DEBUG - Correlation value: 0
2024-09-16 16:21:09,239 - DEBUG - Correlation value: 0
2024-09-16 16:21:09,343 - DEBUG - Correlation value: 0
2024-09-16 16:21:09,344 - DEBUG - Correlation value: 0
2024-09-16 16:21:09,345 - DEBUG - Correlation value: 0
2024-09-16 16:21:09,456 - DEBUG - Correlation value: 0
2024-09-16 16:21:09,457 - DEBUG - Correlation value: 0
2024-09-16 16:21:09,457 - DEBUG - Correlation value: 0
2024-09-16 16:21:09,547 - DEBUG - Correlation value: 0
2024-09-16 16:21:09,548 - DEBUG - Correlation value: 0
2024-09-16 16:21:09,646 - DEBUG - Correlation value: 0
2024-09-16 16:21:09,646 - DEBUG - Correlation value: 0
2024-09-16 16:21:09,748 - DEBUG - Correlation value: 0
2024-09-16 16:21:09,749 - DEBUG - Correlation value: 0
2024-09-16 16:21:09,850 - DEBUG - Correlation value: 0
2024-09-16 16:21:09,850 - DEBUG - Correlation value: 0
2024-09-16 16:21:09,851 - DEBUG - Correlation value: 0
2024-09-16 16:21:09,955 - DEBUG - Correlation value: 0
2024-09-16 16:21:09,955 - DEBUG - Correlation value: 0
2024-09-16 16:21:10,057 - DEBUG - Correlation value: 0
2024-09-16 16:21:10,057 - DEBUG - Correlation value: 0
2024-09-16 16:21:10,058 - DEBUG - Correlation value: 0
2024-09-16 16:21:10,155 - DEBUG - Correlation value: 0
2024-09-16 16:21:10,156 - DEBUG - Correlation value: 0
2024-09-16 16:21:10,229 - DEBUG - Correlation value: 0
2024-09-16 16:21:10,230 - DEBUG - Correlation value: 0
2024-09-16 16:21:10,324 - DEBUG - Correlation value: 0
2024-09-16 16:21:10,325 - DEBUG - Correlation value: 0
2024-09-16 16:21:10,422 - DEBUG - Correlation value: 0
2024-09-16 16:21:10,422 - DEBUG - Correlation value: 0
2024-09-16 16:21:10,527 - DEBUG - Correlation value: 0
2024-09-16 16:21:10,527 - DEBUG - Correlation value: 0
2024-09-16 16:21:10,528 - DEBUG - Correlation value: 0
2024-09-16 16:21:10,647 - DEBUG - Correlation value: 0
2024-09-16 16:21:10,648 - DEBUG - Correlation value: 0
2024-09-16 16:21:10,751 - DEBUG - Correlation value: 0
2024-09-16 16:21:10,751 - DEBUG - Correlation value: 0
2024-09-16 16:21:10,752 - DEBUG - Correlation value: 0
2024-09-16 16:21:10,840 - DEBUG - Correlation value: 0
2024-09-16 16:21:10,841 - DEBUG - Correlation value: 0
2024-09-16 16:21:10,922 - DEBUG - Correlation value: 0
2024-09-16 16:21:10,923 - DEBUG - Correlation value: 0
2024-09-16 16:21:11,021 - DEBUG - Correlation value: 0
2024-09-16 16:21:11,021 - DEBUG - Correlation value: 0
2024-09-16 16:21:11,136 - DEBUG - Correlation value: 0
2024-09-16 16:21:11,137 - DEBUG - Correlation value: 0
2024-09-16 16:21:11,137 - DEBUG - Correlation value: 0
2024-09-16 16:21:11,228 - DEBUG - Correlation value: 0
2024-09-16 16:21:11,229 - DEBUG - Correlation value: 0
2024-09-16 16:21:11,320 - DEBUG - Correlation value: 0
2024-09-16 16:21:11,320 - DEBUG - Correlation value: 0
2024-09-16 16:21:11,422 - DEBUG - Correlation value: 0
2024-09-16 16:21:11,423 - DEBUG - Correlation value: 0
2024-09-16 16:21:11,423 - DEBUG - Correlation value: 0
2024-09-16 16:21:11,527 - DEBUG - Correlation value: 0
2024-09-16 16:21:11,528 - DEBUG - Correlation value: 0
2024-09-16 16:21:11,634 - DEBUG - Correlation value: 0
2024-09-16 16:21:11,635 - DEBUG - Correlation value: 0
2024-09-16 16:21:11,635 - DEBUG - Correlation value: 0
2024-09-16 16:21:11,727 - DEBUG - Correlation value: 0
2024-09-16 16:21:11,728 - DEBUG - Correlation value: 0
2024-09-16 16:21:11,829 - DEBUG - Correlation value: 0
2024-09-16 16:21:11,830 - DEBUG - Correlation value: 0
2024-09-16 16:21:11,934 - DEBUG - Correlation value: 0
2024-09-16 16:21:11,934 - DEBUG - Correlation value: 0
2024-09-16 16:21:11,935 - DEBUG - Correlation value: 0
2024-09-16 16:21:12,035 - DEBUG - Correlation value: 0
2024-09-16 16:21:12,036 - DEBUG - Correlation value: 0
2024-09-16 16:21:12,159 - DEBUG - Correlation value: 0
2024-09-16 16:21:12,160 - DEBUG - Correlation value: 0
2024-09-16 16:21:12,161 - DEBUG - Correlation value: 0
2024-09-16 16:21:12,264 - DEBUG - Correlation value: 0
2024-09-16 16:21:12,265 - DEBUG - Correlation value: 0
2024-09-16 16:21:12,358 - DEBUG - Correlation value: 0
2024-09-16 16:21:12,359 - DEBUG - Correlation value: 0
2024-09-16 16:21:12,359 - DEBUG - Correlation value: 0
2024-09-16 16:21:12,426 - DEBUG - Correlation value: 0
2024-09-16 16:21:12,529 - DEBUG - Correlation value: 0
2024-09-16 16:21:12,530 - DEBUG - Correlation value: 0
2024-09-16 16:21:12,530 - DEBUG - Correlation value: 0
2024-09-16 16:21:12,636 - DEBUG - Correlation value: 0
2024-09-16 16:21:12,637 - DEBUG - Correlation value: 0
2024-09-16 16:21:12,725 - DEBUG - Correlation value: 0
2024-09-16 16:21:12,726 - DEBUG - Correlation value: 0
2024-09-16 16:21:12,793 - DEBUG - Correlation value: 0
2024-09-16 16:21:12,794 - DEBUG - Correlation value: 0
2024-09-16 16:21:12,894 - DEBUG - Correlation value: 0
2024-09-16 16:21:12,895 - DEBUG - Correlation value: 0
2024-09-16 16:21:13,000 - DEBUG - Correlation value: 0
2024-09-16 16:21:13,016 - DEBUG - Correlation value: 0
2024-09-16 16:21:13,016 - DEBUG - Correlation value: 0
2024-09-16 16:21:13,120 - DEBUG - Correlation value: 0
2024-09-16 16:21:13,121 - DEBUG - Correlation value: 0
2024-09-16 16:21:13,249 - DEBUG - Correlation value: 0
2024-09-16 16:21:13,249 - DEBUG - Correlation value: 0
2024-09-16 16:21:13,250 - DEBUG - Correlation value: 0
2024-09-16 16:21:13,352 - DEBUG - Correlation value: 0
2024-09-16 16:21:13,353 - DEBUG - Correlation value: 0
2024-09-16 16:21:13,354 - DEBUG - Correlation value: 0
2024-09-16 16:21:13,439 - DEBUG - Correlation value: 0
2024-09-16 16:21:13,439 - DEBUG - Correlation value: 0
2024-09-16 16:21:13,543 - DEBUG - Correlation value: 0
2024-09-16 16:21:13,544 - DEBUG - Correlation value: 0
2024-09-16 16:21:13,583 - DEBUG - Correlation value: 0
2024-09-16 16:21:13,685 - DEBUG - Correlation value: 0
2024-09-16 16:21:13,686 - DEBUG - Correlation value: 0
2024-09-16 16:21:13,686 - DEBUG - Correlation value: 0
2024-09-16 16:21:13,780 - DEBUG - Correlation value: 0
2024-09-16 16:21:13,780 - DEBUG - Correlation value: 0
2024-09-16 16:21:13,878 - DEBUG - Correlation value: 0
2024-09-16 16:21:13,879 - DEBUG - Correlation value: 0
2024-09-16 16:21:13,980 - DEBUG - Correlation value: 0
2024-09-16 16:21:13,981 - DEBUG - Correlation value: 0
2024-09-16 16:21:13,981 - DEBUG - Correlation value: 0
2024-09-16 16:21:14,120 - DEBUG - Correlation value: 0
2024-09-16 16:21:14,120 - DEBUG - Correlation value: 0
2024-09-16 16:21:14,121 - DEBUG - Correlation value: 0
2024-09-16 16:21:14,226 - DEBUG - Correlation value: 0
2024-09-16 16:21:14,227 - DEBUG - Correlation value: 0
2024-09-16 16:21:14,328 - DEBUG - Correlation value: 0
2024-09-16 16:21:14,329 - DEBUG - Correlation value: 0
2024-09-16 16:21:14,329 - DEBUG - Correlation value: 0
2024-09-16 16:21:14,438 - DEBUG - Correlation value: 0
2024-09-16 16:21:14,439 - DEBUG - Correlation value: 0
2024-09-16 16:21:14,535 - DEBUG - Correlation value: 0
2024-09-16 16:21:14,536 - DEBUG - Correlation value: 0
2024-09-16 16:21:14,536 - DEBUG - Correlation value: 0
2024-09-16 16:21:14,640 - DEBUG - Correlation value: 0
2024-09-16 16:21:14,641 - DEBUG - Correlation value: 0
2024-09-16 16:21:14,677 - DEBUG - Correlation value: 0
2024-09-16 16:21:14,791 - DEBUG - Correlation value: 0
2024-09-16 16:21:14,791 - DEBUG - Correlation value: 0
2024-09-16 16:21:14,792 - DEBUG - Correlation value: 0
2024-09-16 16:21:14,850 - DEBUG - Correlation value: 0
2024-09-16 16:21:14,969 - DEBUG - Correlation value: 0
2024-09-16 16:21:14,970 - DEBUG - Correlation value: 0
2024-09-16 16:21:14,971 - DEBUG - Correlation value: 0
2024-09-16 16:21:15,068 - DEBUG - Correlation value: 0
2024-09-16 16:21:15,069 - DEBUG - Correlation value: 0
2024-09-16 16:21:15,172 - DEBUG - Correlation value: 0
2024-09-16 16:21:15,172 - DEBUG - Correlation value: 0
2024-09-16 16:21:15,250 - DEBUG - Correlation value: 0
2024-09-16 16:21:15,250 - DEBUG - Correlation value: 0
2024-09-16 16:21:15,355 - DEBUG - Correlation value: 0
2024-09-16 16:21:15,357 - DEBUG - Correlation value: 0
2024-09-16 16:21:15,357 - DEBUG - Correlation value: 0
2024-09-16 16:21:15,473 - DEBUG - Correlation value: 0
2024-09-16 16:21:15,474 - DEBUG - Correlation value: 0
2024-09-16 16:21:15,474 - DEBUG - Correlation value: 0
2024-09-16 16:21:15,573 - DEBUG - Correlation value: 0
2024-09-16 16:21:15,573 - DEBUG - Correlation value: 0
2024-09-16 16:21:15,679 - DEBUG - Correlation value: 0
2024-09-16 16:21:15,680 - DEBUG - Correlation value: 0
2024-09-16 16:21:15,787 - DEBUG - Correlation value: 0
2024-09-16 16:21:15,788 - DEBUG - Correlation value: 0
2024-09-16 16:21:15,789 - DEBUG - Correlation value: 0
2024-09-16 16:21:15,892 - DEBUG - Correlation value: 0
2024-09-16 16:21:15,893 - DEBUG - Correlation value: 0
2024-09-16 16:21:15,999 - DEBUG - Correlation value: 0
2024-09-16 16:21:16,000 - DEBUG - Correlation value: 0
2024-09-16 16:21:16,000 - DEBUG - Correlation value: 0
2024-09-16 16:21:16,118 - DEBUG - Correlation value: 0
2024-09-16 16:21:16,119 - DEBUG - Correlation value: 0
2024-09-16 16:21:16,120 - DEBUG - Correlation value: 0
2024-09-16 16:21:16,223 - DEBUG - Correlation value: 0
2024-09-16 16:21:16,223 - DEBUG - Correlation value: 0
2024-09-16 16:21:16,326 - DEBUG - Correlation value: 0
2024-09-16 16:21:16,327 - DEBUG - Correlation value: 0
2024-09-16 16:21:16,327 - DEBUG - Correlation value: 0
2024-09-16 16:21:16,425 - DEBUG - Correlation value: 0
2024-09-16 16:21:16,426 - DEBUG - Correlation value: 0
2024-09-16 16:21:16,530 - DEBUG - Correlation value: 0
2024-09-16 16:21:16,532 - DEBUG - Correlation value: 0
2024-09-16 16:21:16,631 - DEBUG - Correlation value: 0
2024-09-16 16:21:16,632 - DEBUG - Correlation value: 0
2024-09-16 16:21:16,633 - DEBUG - Correlation value: 0
2024-09-16 16:21:16,733 - DEBUG - Correlation value: 0
2024-09-16 16:21:16,734 - DEBUG - Correlation value: 0
2024-09-16 16:21:16,831 - DEBUG - Correlation value: 0
2024-09-16 16:21:16,832 - DEBUG - Correlation value: 0
2024-09-16 16:21:16,951 - DEBUG - Correlation value: 0
2024-09-16 16:21:16,952 - DEBUG - Correlation value: 0
2024-09-16 16:21:16,952 - DEBUG - Correlation value: 0
2024-09-16 16:21:17,050 - DEBUG - Correlation value: 0
2024-09-16 16:21:17,051 - DEBUG - Correlation value: 0
2024-09-16 16:21:17,052 - DEBUG - Correlation value: 0
2024-09-16 16:21:17,182 - DEBUG - Correlation value: 0
2024-09-16 16:21:17,182 - DEBUG - Correlation value: 0
2024-09-16 16:21:17,183 - DEBUG - Correlation value: 0
2024-09-16 16:21:17,278 - DEBUG - Correlation value: 0
2024-09-16 16:21:17,279 - DEBUG - Correlation value: 0
2024-09-16 16:21:17,345 - DEBUG - Correlation value: 0
2024-09-16 16:21:17,399 - DEBUG - Correlation value: 0
2024-09-16 16:21:17,400 - DEBUG - Correlation value: 0
2024-09-16 16:21:17,480 - DEBUG - Correlation value: 0
2024-09-16 16:21:17,481 - DEBUG - Correlation value: 0
2024-09-16 16:21:17,552 - DEBUG - Correlation value: 0
2024-09-16 16:21:17,640 - DEBUG - Correlation value: 0
2024-09-16 16:21:17,641 - DEBUG - Correlation value: 0
2024-09-16 16:21:17,733 - DEBUG - Correlation value: 0
2024-09-16 16:21:17,734 - DEBUG - Correlation value: 0
2024-09-16 16:21:17,734 - DEBUG - Correlation value: 0
2024-09-16 16:21:17,834 - DEBUG - Correlation value: 0
2024-09-16 16:21:17,835 - DEBUG - Correlation value: 0
2024-09-16 16:21:17,925 - DEBUG - Correlation value: 0
2024-09-16 16:21:17,926 - DEBUG - Correlation value: 0
2024-09-16 16:21:18,007 - DEBUG - Correlation value: 0
2024-09-16 16:21:18,007 - DEBUG - Correlation value: 0
2024-09-16 16:21:18,068 - DEBUG - Correlation value: 0
2024-09-16 16:21:18,174 - DEBUG - Correlation value: 0
2024-09-16 16:21:18,175 - DEBUG - Correlation value: 0
2024-09-16 16:21:18,176 - DEBUG - Correlation value: 0
2024-09-16 16:21:18,222 - DEBUG - Correlation value: 0
2024-09-16 16:21:18,269 - DEBUG - Correlation value: 0
2024-09-16 16:21:18,376 - DEBUG - Correlation value: 0
2024-09-16 16:21:18,380 - DEBUG - Correlation value: 0
2024-09-16 16:21:18,380 - DEBUG - Correlation value: 0
2024-09-16 16:21:18,479 - DEBUG - Correlation value: 0
2024-09-16 16:21:18,479 - DEBUG - Correlation value: 0
2024-09-16 16:21:18,595 - DEBUG - Correlation value: 0
2024-09-16 16:21:18,596 - DEBUG - Correlation value: 0
2024-09-16 16:21:18,596 - DEBUG - Correlation value: 0.03593134880065918
2024-09-16 16:21:18,699 - DEBUG - Correlation value: 0.026900559663772583
2024-09-16 16:21:18,700 - DEBUG - Correlation value: 0.030547013506293297
2024-09-16 16:21:18,794 - DEBUG - Correlation value: -0.01406923495233059
2024-09-16 16:21:18,796 - DEBUG - Correlation value: -0.021561548113822937
2024-09-16 16:21:18,902 - DEBUG - Correlation value: -0.018203508108854294
2024-09-16 16:21:18,902 - DEBUG - Correlation value: 0.0391579270362854
2024-09-16 16:21:18,903 - DEBUG - Correlation value: -0.025574466213583946
2024-09-16 16:21:18,986 - DEBUG - Correlation value: -0.006214545574039221
2024-09-16 16:21:18,986 - DEBUG - Correlation value: -0.012498036958277225
2024-09-16 16:21:19,081 - DEBUG - Correlation value: -0.03839050978422165
2024-09-16 16:21:19,082 - DEBUG - Correlation value: 0.0038413233123719692
2024-09-16 16:21:19,185 - DEBUG - Correlation value: 0.04562295228242874
2024-09-16 16:21:19,186 - DEBUG - Correlation value: 0.18425285816192627
2024-09-16 16:21:19,186 - DEBUG - Correlation value: 0.003724620910361409
2024-09-16 16:21:19,288 - DEBUG - Correlation value: 0.012388771399855614
2024-09-16 16:21:19,289 - DEBUG - Correlation value: 0.004603783134371042
2024-09-16 16:21:19,398 - DEBUG - Correlation value: 0.025621790438890457
2024-09-16 16:21:19,399 - DEBUG - Correlation value: 0.0027389954775571823
2024-09-16 16:21:19,400 - DEBUG - Correlation value: -0.06460897624492645
2024-09-16 16:21:19,505 - DEBUG - Correlation value: 0.0443933941423893
2024-09-16 16:21:19,506 - DEBUG - Correlation value: 0.012858198024332523
2024-09-16 16:21:19,625 - DEBUG - Correlation value: 0.02280041202902794
2024-09-16 16:21:19,626 - DEBUG - Correlation value: 0.01681937277317047
2024-09-16 16:21:19,626 - DEBUG - Correlation value: 0.012280280701816082
2024-09-16 16:21:19,714 - DEBUG - Correlation value: -0.07761196047067642
2024-09-16 16:21:19,715 - DEBUG - Correlation value: 0.00013520728680305183
2024-09-16 16:21:19,796 - DEBUG - Correlation value: 0.011905549094080925
2024-09-16 16:21:19,797 - DEBUG - Correlation value: -0.0063486844301223755
2024-09-16 16:21:19,901 - DEBUG - Correlation value: 0.015504218637943268
2024-09-16 16:21:19,902 - DEBUG - Correlation value: -0.040398970246315
2024-09-16 16:21:19,928 - DEBUG - Correlation value: -0.006315927952528
2024-09-16 16:21:20,026 - DEBUG - Correlation value: 0.015518948435783386
2024-09-16 16:21:20,027 - DEBUG - Correlation value: -0.03638499602675438
2024-09-16 16:21:20,128 - DEBUG - Correlation value: 0.002491569146513939
2024-09-16 16:21:20,129 - DEBUG - Correlation value: -0.023155832663178444
2024-09-16 16:21:20,167 - DEBUG - Correlation value: 0.0013315218966454268
2024-09-16 16:21:20,168 - DEBUG - Correlation value: -0.013537906110286713
2024-09-16 16:21:20,263 - DEBUG - Correlation value: -0.015815094113349915
2024-09-16 16:21:20,264 - DEBUG - Correlation value: -0.027531486004590988
2024-09-16 16:21:20,358 - DEBUG - Correlation value: 0.0035007812548428774
2024-09-16 16:21:20,359 - DEBUG - Correlation value: -0.004050605930387974
2024-09-16 16:21:20,435 - DEBUG - Correlation value: -0.023976709693670273
2024-09-16 16:21:20,437 - DEBUG - Correlation value: -0.05225781351327896
2024-09-16 16:21:20,517 - DEBUG - Correlation value: 0.03210169076919556
2024-09-16 16:21:20,518 - DEBUG - Correlation value: 0.02749216929078102
2024-09-16 16:21:20,624 - DEBUG - Correlation value: 0.03089214488863945
2024-09-16 16:21:20,626 - DEBUG - Correlation value: 0.024042019620537758
2024-09-16 16:21:20,729 - DEBUG - Correlation value: -0.03023332729935646
2024-09-16 16:21:20,730 - DEBUG - Correlation value: -0.0055075897835195065
2024-09-16 16:21:20,731 - DEBUG - Correlation value: -0.001451224903576076
2024-09-16 16:21:20,828 - DEBUG - Correlation value: -0.0042783161625266075
2024-09-16 16:21:20,829 - DEBUG - Correlation value: 0
2024-09-16 16:21:20,934 - DEBUG - Correlation value: 0
2024-09-16 16:21:20,935 - DEBUG - Correlation value: 0
2024-09-16 16:21:20,936 - DEBUG - Correlation value: 0
2024-09-16 16:21:21,039 - DEBUG - Correlation value: 0
2024-09-16 16:21:21,040 - DEBUG - Correlation value: 0
2024-09-16 16:21:21,123 - DEBUG - Correlation value: 0
2024-09-16 16:21:21,124 - DEBUG - Correlation value: 0
2024-09-16 16:21:21,227 - DEBUG - Correlation value: 0
2024-09-16 16:21:21,228 - DEBUG - Correlation value: 0
2024-09-16 16:21:21,255 - DEBUG - Correlation value: 0
2024-09-16 16:21:21,353 - DEBUG - Correlation value: 0
2024-09-16 16:21:21,354 - DEBUG - Correlation value: 0
2024-09-16 16:21:21,471 - DEBUG - Correlation value: 0
2024-09-16 16:21:21,473 - DEBUG - Correlation value: 0
2024-09-16 16:21:21,474 - DEBUG - Correlation value: 0
2024-09-16 16:21:21,577 - DEBUG - Correlation value: 0
2024-09-16 16:21:21,579 - DEBUG - Correlation value: 0
2024-09-16 16:21:21,579 - DEBUG - Correlation value: 0
2024-09-16 16:21:21,770 - DEBUG - Correlation value: 0
2024-09-16 16:21:21,819 - DEBUG - Correlation value: 0
2024-09-16 16:21:21,820 - DEBUG - Correlation value: 0
2024-09-16 16:21:21,820 - DEBUG - Correlation value: 0
2024-09-16 16:21:21,821 - DEBUG - Correlation value: 0
2024-09-16 16:21:21,873 - DEBUG - Correlation value: 0
2024-09-16 16:21:21,874 - DEBUG - Correlation value: 0
2024-09-16 16:21:21,969 - DEBUG - Correlation value: 0
2024-09-16 16:21:21,970 - DEBUG - Correlation value: 0
2024-09-16 16:21:22,044 - DEBUG - Correlation value: 0
2024-09-16 16:21:22,044 - DEBUG - Correlation value: 0
2024-09-16 16:21:22,144 - DEBUG - Correlation value: 0
2024-09-16 16:21:22,145 - DEBUG - Correlation value: 0.0035234985407441854
2024-09-16 16:21:22,217 - DEBUG - Correlation value: 0.01704350858926773
2024-09-16 16:21:22,218 - DEBUG - Correlation value: 0
2024-09-16 16:21:22,320 - DEBUG - Correlation value: 0.00041825632797554135
2024-09-16 16:21:22,321 - DEBUG - Correlation value: 0
2024-09-16 16:21:22,428 - DEBUG - Correlation value: 0
2024-09-16 16:21:22,429 - DEBUG - Correlation value: 0
2024-09-16 16:21:22,429 - DEBUG - Correlation value: 0
2024-09-16 16:21:22,532 - DEBUG - Correlation value: 0.012344427406787872
2024-09-16 16:21:22,533 - DEBUG - Correlation value: 0.006938247010111809
2024-09-16 16:21:22,658 - DEBUG - Correlation value: -0.0002782268275041133
2024-09-16 16:21:22,659 - DEBUG - Correlation value: 0.0025575163308531046
2024-09-16 16:21:22,659 - DEBUG - Correlation value: 0.003093151608482003
2024-09-16 16:21:22,760 - DEBUG - Correlation value: 0
2024-09-16 16:21:22,761 - DEBUG - Correlation value: 0
2024-09-16 16:21:22,867 - DEBUG - Correlation value: -0.0008027201984077692
2024-09-16 16:21:22,867 - DEBUG - Correlation value: -0.0041730706579983234
2024-09-16 16:21:22,868 - DEBUG - Correlation value: -0.0164272990077734
2024-09-16 16:21:22,968 - DEBUG - Correlation value: -0.03203583136200905
2024-09-16 16:21:22,970 - DEBUG - Correlation value: 0.004919185768812895
2024-09-16 16:21:23,075 - DEBUG - Correlation value: 0
2024-09-16 16:21:23,076 - DEBUG - Correlation value: 0
2024-09-16 16:21:23,077 - DEBUG - Correlation value: 0
2024-09-16 16:21:23,190 - DEBUG - Correlation value: 0
2024-09-16 16:21:23,191 - DEBUG - Correlation value: 0.004406592808663845
2024-09-16 16:21:23,279 - DEBUG - Correlation value: 0.008498181588947773
2024-09-16 16:21:23,280 - DEBUG - Correlation value: 0.004685817752033472
2024-09-16 16:21:23,372 - DEBUG - Correlation value: 0.014918179251253605
2024-09-16 16:21:23,372 - DEBUG - Correlation value: -0.016640691086649895
2024-09-16 16:21:23,373 - DEBUG - Correlation value: 0
2024-09-16 16:21:23,470 - DEBUG - Correlation value: 0
2024-09-16 16:21:23,471 - DEBUG - Correlation value: 0.01225422415882349
2024-09-16 16:21:23,570 - DEBUG - Correlation value: 0.0031933849677443504
2024-09-16 16:21:23,571 - DEBUG - Correlation value: -0.00907518994063139
2024-09-16 16:21:23,684 - DEBUG - Correlation value: 0.0006742497207596898
2024-09-16 16:21:23,685 - DEBUG - Correlation value: -0.007654039654880762
2024-09-16 16:21:23,686 - DEBUG - Correlation value: 0
2024-09-16 16:21:23,783 - DEBUG - Correlation value: 0
2024-09-16 16:21:23,784 - DEBUG - Correlation value: 0
2024-09-16 16:21:23,912 - DEBUG - Correlation value: -0.03804173320531845
2024-09-16 16:21:23,913 - DEBUG - Correlation value: -0.010440126992762089
2024-09-16 16:21:23,914 - DEBUG - Correlation value: -0.09490986168384552
2024-09-16 16:21:24,020 - DEBUG - Correlation value: 0.01161067746579647
2024-09-16 16:21:24,021 - DEBUG - Correlation value: -0.010066615417599678
2024-09-16 16:21:24,021 - DEBUG - Correlation value: -0.0029300071764737368
2024-09-16 16:21:24,121 - DEBUG - Correlation value: 0
2024-09-16 16:21:24,123 - DEBUG - Correlation value: -0.011647315695881844
2024-09-16 16:21:24,222 - DEBUG - Correlation value: -0.0013828948140144348
2024-09-16 16:21:24,223 - DEBUG - Correlation value: -0.029293131083250046
2024-09-16 16:21:24,224 - DEBUG - Correlation value: -0.020874230191111565
2024-09-16 16:21:24,306 - DEBUG - Correlation value: -0.005044497549533844
2024-09-16 16:21:24,307 - DEBUG - Correlation value: 0
2024-09-16 16:21:24,413 - DEBUG - Correlation value: 0
2024-09-16 16:21:24,414 - DEBUG - Correlation value: 0
2024-09-16 16:21:24,522 - DEBUG - Correlation value: -0.016828086227178574
2024-09-16 16:21:24,562 - DEBUG - Correlation value: -0.02819359302520752
2024-09-16 16:21:24,562 - DEBUG - Correlation value: 0.03253449499607086
2024-09-16 16:21:24,563 - DEBUG - Correlation value: 0.023547116667032242
2024-09-16 16:21:24,668 - DEBUG - Correlation value: -0.00011308841203572229
2024-09-16 16:21:24,669 - DEBUG - Correlation value: -0.0020723524503409863
2024-09-16 16:21:24,773 - DEBUG - Correlation value: -0.001656161155551672
2024-09-16 16:21:24,774 - DEBUG - Correlation value: 0
2024-09-16 16:21:24,775 - DEBUG - Correlation value: 0.015423044562339783
2024-09-16 16:21:24,863 - DEBUG - Correlation value: -0.04057078808546066
2024-09-16 16:21:24,864 - DEBUG - Correlation value: -0.005032842047512531
2024-09-16 16:21:24,966 - DEBUG - Correlation value: -0.05463442578911781
2024-09-16 16:21:24,967 - DEBUG - Correlation value: 0.022349154576659203
2024-09-16 16:21:25,092 - DEBUG - Correlation value: -0.014542460441589355
2024-09-16 16:21:25,093 - DEBUG - Correlation value: 0
2024-09-16 16:21:25,094 - DEBUG - Correlation value: 0
2024-09-16 16:21:25,190 - DEBUG - Correlation value: 0.03334524482488632
2024-09-16 16:21:25,191 - DEBUG - Correlation value: 0.032630596309900284
2024-09-16 16:21:25,293 - DEBUG - Correlation value: 0.001463711610995233
2024-09-16 16:21:25,294 - DEBUG - Correlation value: 0.02666343003511429
2024-09-16 16:21:25,295 - DEBUG - Correlation value: -0.02497417852282524
2024-09-16 16:21:25,391 - DEBUG - Correlation value: -0.020369336009025574
2024-09-16 16:21:25,392 - DEBUG - Correlation value: 0
2024-09-16 16:21:25,480 - DEBUG - Correlation value: -0.013330414891242981
2024-09-16 16:21:25,480 - DEBUG - Correlation value: 0.01714266650378704
2024-09-16 16:21:25,572 - DEBUG - Correlation value: 0.07358619570732117
2024-09-16 16:21:25,573 - DEBUG - Correlation value: 0.06276142597198486
2024-09-16 16:21:25,675 - DEBUG - Correlation value: 0.00992264598608017
2024-09-16 16:21:25,676 - DEBUG - Correlation value: 0.013056544587016106
2024-09-16 16:21:25,676 - DEBUG - Correlation value: -0.002255366649478674
2024-09-16 16:21:25,800 - DEBUG - Correlation value: 0
2024-09-16 16:21:25,801 - DEBUG - Correlation value: 0
2024-09-16 16:21:25,801 - DEBUG - Correlation value: -0.029724275693297386
2024-09-16 16:21:25,878 - DEBUG - Correlation value: -0.017315583303570747
2024-09-16 16:21:25,981 - DEBUG - Correlation value: 0.022757740691304207
2024-09-16 16:21:25,982 - DEBUG - Correlation value: -0.017902981489896774
2024-09-16 16:21:25,982 - DEBUG - Correlation value: 0
2024-09-16 16:21:26,094 - DEBUG - Correlation value: 0
2024-09-16 16:21:26,095 - DEBUG - Correlation value: 0
2024-09-16 16:21:26,198 - DEBUG - Correlation value: 0.0036806866992264986
2024-09-16 16:21:26,199 - DEBUG - Correlation value: -0.025499822571873665
2024-09-16 16:21:26,199 - DEBUG - Correlation value: 0.009949895553290844
2024-09-16 16:21:26,305 - DEBUG - Correlation value: -0.11551111191511154
2024-09-16 16:21:26,306 - DEBUG - Correlation value: 0.009007859975099564
2024-09-16 16:21:26,432 - DEBUG - Correlation value: -0.0018306958954781294
2024-09-16 16:21:26,752 - DEBUG - Audio stream closed.
2024-09-16 16:21:36,442 - DEBUG - Original image dtype: uint8, shape: (1964, 3024, 3), max value: 255
2024-09-16 16:21:36,442 - DEBUG - Converted image dtype: uint8, shape: (1964, 3024, 3)
2024-09-16 16:21:37,739 - DEBUG - MatchTemplate max_val: 0.5969080328941345, max_loc: (1318, 422)
2024-09-16 16:21:37,739 - DEBUG - Lure not found, max correlation value below threshold.
